This file contains any messages produced by compilers while
running configure, to aid debugging if configure makes a mistake.

It was created by tls configure 0.2.0, which was
generated by GNU Autoconf 2.69.  Invocation command line was

  $ ./configure 

## --------- ##
## Platform. ##
## --------- ##

hostname = MacBook-Pro.local
uname -m = x86_64
uname -r = 14.5.0
uname -s = Darwin
uname -v = Darwin Kernel Version 14.5.0: Tue Sep  1 21:23:09 PDT 2015; root:xnu-2782.50.1~1/RELEASE_X86_64

/usr/bin/uname -p = i386
/bin/uname -X     = unknown

/bin/arch              = unknown
/usr/bin/arch -k       = unknown
/usr/convex/getsysinfo = unknown
/usr/bin/hostinfo      = Mach kernel version:
	 Darwin Kernel Version 14.5.0: Tue Sep  1 21:23:09 PDT 2015; root:xnu-2782.50.1~1/RELEASE_X86_64
Kernel configured for up to 2 processors.
2 processors are physically available.
2 processors are logically available.
Processor type: i486 (Intel 80486)
Processors active: 0 1
Primary memory available: 8.00 gigabytes
Default processor set: 239 tasks, 1930 threads, 2 processors
Load average: 5.47, Mach factor: 0.33
/bin/machine           = unknown
/usr/bin/oslevel       = unknown
/bin/universe          = unknown

PATH: /usr/local/Cellar/erlang/18.2/lib/erlang/erts-7.2/bin
PATH: /usr/local/Cellar/erlang/18.2/lib/erlang/bin
PATH: /usr/local/bin
PATH: /opt/local/bin
PATH: /opt/local/sbin
PATH: /usr/local/Cellar/erlang/18.2/bin
PATH: /Users/Archer/bin/Sencha/Cmd/4.0.0.203
PATH: /usr/share/java/maven-3.0.3/bin
PATH: /usr/bin
PATH: /bin
PATH: /usr/sbin
PATH: /sbin
PATH: /usr/local/bin
PATH: /Users/Archer/Downloads/android-sdk-macosx/platform-tools/
PATH: /Library/Java/JavaVirtualMachines/jdk1.7.0_25.jdk/Contents/Home/bin
PATH: /usr/local/mysql/bin
PATH: /Applications/soapUI-4.6.0.app/Contents/java/app/bin


## ----------- ##
## Core tests. ##
## ----------- ##

configure:2071: checking for gcc
configure:2087: found /usr/bin/gcc
configure:2098: result: gcc
configure:2327: checking for C compiler version
configure:2336: gcc --version >&5
Apple LLVM version 7.0.2 (clang-700.1.81)
Target: x86_64-apple-darwin14.5.0
Thread model: posix
Configured with: --prefix=/Applications/Xcode.app/Contents/Developer/usr --with-gxx-include-dir=/usr/include/c++/4.2.1
configure:2347: $? = 0
configure:2336: gcc -v >&5
Configured with: --prefix=/Applications/Xcode.app/Contents/Developer/usr --with-gxx-include-dir=/usr/include/c++/4.2.1
Apple LLVM version 7.0.2 (clang-700.1.81)
Target: x86_64-apple-darwin14.5.0
Thread model: posix
configure:2347: $? = 0
configure:2336: gcc -V >&5
clang: error: argument to '-V' is missing (expected 1 value)
clang: error: no input files
configure:2347: $? = 1
configure:2336: gcc -qversion >&5
clang: error: unknown argument: '-qversion'
clang: error: no input files
configure:2347: $? = 1
configure:2367: checking whether the C compiler works
configure:2389: gcc    conftest.c  >&5
configure:2393: $? = 0
configure:2441: result: yes
configure:2444: checking for C compiler default output file name
configure:2446: result: a.out
configure:2452: checking for suffix of executables
configure:2459: gcc -o conftest    conftest.c  >&5
configure:2463: $? = 0
configure:2485: result: 
configure:2507: checking whether we are cross compiling
configure:2515: gcc -o conftest    conftest.c  >&5
configure:2519: $? = 0
configure:2526: ./conftest
configure:2530: $? = 0
configure:2545: result: no
configure:2550: checking for suffix of object files
configure:2572: gcc -c   conftest.c >&5
configure:2576: $? = 0
configure:2597: result: o
configure:2601: checking whether we are using the GNU C compiler
configure:2620: gcc -c   conftest.c >&5
configure:2620: $? = 0
configure:2629: result: yes
configure:2638: checking whether gcc accepts -g
configure:2658: gcc -c -g  conftest.c >&5
configure:2658: $? = 0
configure:2699: result: yes
configure:2716: checking for gcc option to accept ISO C89
configure:2779: gcc  -c -g -O2  conftest.c >&5
configure:2779: $? = 0
configure:2792: result: none needed
configure:2812: checking whether make sets $(MAKE)
configure:2834: result: yes
configure:2850: checking for an ANSI C-conforming const
configure:2916: gcc -c -g -O2 -Wall  conftest.c >&5
configure:2916: $? = 0
configure:2923: result: yes
configure:2938: checking how to run the C preprocessor
configure:2969: gcc -E  conftest.c
configure:2969: $? = 0
configure:2983: gcc -E  conftest.c
conftest.c:9:10: fatal error: 'ac_nonexistent.h' file not found
#include <ac_nonexistent.h>
         ^
1 error generated.
configure:2983: $? = 1
configure: failed program was:
| /* confdefs.h */
| #define PACKAGE_NAME "tls"
| #define PACKAGE_TARNAME "tls"
| #define PACKAGE_VERSION "0.2.0"
| #define PACKAGE_STRING "tls 0.2.0"
| #define PACKAGE_BUGREPORT ""
| #define PACKAGE_URL ""
| /* end confdefs.h.  */
| #include <ac_nonexistent.h>
configure:3008: result: gcc -E
configure:3028: gcc -E  conftest.c
configure:3028: $? = 0
configure:3042: gcc -E  conftest.c
conftest.c:9:10: fatal error: 'ac_nonexistent.h' file not found
#include <ac_nonexistent.h>
         ^
1 error generated.
configure:3042: $? = 1
configure: failed program was:
| /* confdefs.h */
| #define PACKAGE_NAME "tls"
| #define PACKAGE_TARNAME "tls"
| #define PACKAGE_VERSION "0.2.0"
| #define PACKAGE_STRING "tls 0.2.0"
| #define PACKAGE_BUGREPORT ""
| #define PACKAGE_URL ""
| /* end confdefs.h.  */
| #include <ac_nonexistent.h>
configure:3071: checking for grep that handles long lines and -e
configure:3129: result: /usr/bin/grep
configure:3134: checking for egrep
configure:3196: result: /usr/bin/grep -E
configure:3201: checking for ANSI C header files
configure:3221: gcc -c -g -O2 -Wall  conftest.c >&5
configure:3221: $? = 0
configure:3294: gcc -o conftest -g -O2 -Wall   conftest.c  >&5
configure:3294: $? = 0
configure:3294: ./conftest
configure:3294: $? = 0
configure:3305: result: yes
configure:3318: checking for sys/types.h
configure:3318: gcc -c -g -O2 -Wall  conftest.c >&5
configure:3318: $? = 0
configure:3318: result: yes
configure:3318: checking for sys/stat.h
configure:3318: gcc -c -g -O2 -Wall  conftest.c >&5
configure:3318: $? = 0
configure:3318: result: yes
configure:3318: checking for stdlib.h
configure:3318: gcc -c -g -O2 -Wall  conftest.c >&5
configure:3318: $? = 0
configure:3318: result: yes
configure:3318: checking for string.h
configure:3318: gcc -c -g -O2 -Wall  conftest.c >&5
configure:3318: $? = 0
configure:3318: result: yes
configure:3318: checking for memory.h
configure:3318: gcc -c -g -O2 -Wall  conftest.c >&5
configure:3318: $? = 0
configure:3318: result: yes
configure:3318: checking for strings.h
configure:3318: gcc -c -g -O2 -Wall  conftest.c >&5
configure:3318: $? = 0
configure:3318: result: yes
configure:3318: checking for inttypes.h
configure:3318: gcc -c -g -O2 -Wall  conftest.c >&5
configure:3318: $? = 0
configure:3318: result: yes
configure:3318: checking for stdint.h
configure:3318: gcc -c -g -O2 -Wall  conftest.c >&5
configure:3318: $? = 0
configure:3318: result: yes
configure:3318: checking for unistd.h
configure:3318: gcc -c -g -O2 -Wall  conftest.c >&5
configure:3318: $? = 0
configure:3318: result: yes
configure:3332: checking for stdlib.h
configure:3332: result: yes
configure:3342: checking for GNU libc compatible malloc
configure:3366: gcc -o conftest -g -O2 -Wall   conftest.c  >&5
configure:3366: $? = 0
configure:3366: ./conftest
configure:3366: $? = 0
configure:3376: result: yes
configure:3397: checking for ANSI C header files
configure:3501: result: yes
configure:3563: checking for erl
configure:3581: found /usr/local/Cellar/erlang/18.2/lib/erlang/erts-7.2/bin/erl
configure:3593: result: /usr/local/Cellar/erlang/18.2/lib/erlang/erts-7.2/bin/erl
configure:3672: checking for erlc
configure:3690: found /usr/local/Cellar/erlang/18.2/lib/erlang/erts-7.2/bin/erlc
configure:3702: result: /usr/local/Cellar/erlang/18.2/lib/erlang/erts-7.2/bin/erlc
configure:3735: checking for SSL_free in -lssl
configure:3760: gcc -o conftest -g -O2 -Wall   conftest.c -lssl   >&5
configure:3760: $? = 0
configure:3769: result: yes
configure:3775: checking for SHA1_Init in -lcrypto
configure:3800: gcc -o conftest -g -O2 -Wall   conftest.c -lcrypto   >&5
configure:3800: $? = 0
configure:3809: result: yes
configure:3815: checking openssl/ssl.h usability
configure:3815: gcc -c -g -O2 -Wall  conftest.c >&5
configure:3815: $? = 0
configure:3815: result: yes
configure:3815: checking openssl/ssl.h presence
configure:3815: gcc -E  conftest.c
configure:3815: $? = 0
configure:3815: result: yes
configure:3815: checking for openssl/ssl.h
configure:3815: result: yes
configure:3821: checking openssl/err.h usability
configure:3821: gcc -c -g -O2 -Wall  conftest.c >&5
configure:3821: $? = 0
configure:3821: result: yes
configure:3821: checking openssl/err.h presence
configure:3821: gcc -E  conftest.c
configure:3821: $? = 0
configure:3821: result: yes
configure:3821: checking for openssl/err.h
configure:3821: result: yes
configure:3827: checking openssl/sha.h usability
configure:3827: gcc -c -g -O2 -Wall  conftest.c >&5
configure:3827: $? = 0
configure:3827: result: yes
configure:3827: checking openssl/sha.h presence
configure:3827: gcc -E  conftest.c
configure:3827: $? = 0
configure:3827: result: yes
configure:3827: checking for openssl/sha.h
configure:3827: result: yes
configure:4005: creating ./config.status

## ---------------------- ##
## Running config.status. ##
## ---------------------- ##

This file was extended by tls config.status 0.2.0, which was
generated by GNU Autoconf 2.69.  Invocation command line was

  CONFIG_FILES    = 
  CONFIG_HEADERS  = 
  CONFIG_LINKS    = 
  CONFIG_COMMANDS = 
  $ ./config.status 

on MacBook-Pro.local

config.status:727: creating vars.config

## ---------------- ##
## Cache variables. ##
## ---------------- ##

ac_cv_c_compiler_gnu=yes
ac_cv_c_const=yes
ac_cv_env_CC_set=
ac_cv_env_CC_value=
ac_cv_env_CFLAGS_set=
ac_cv_env_CFLAGS_value=
ac_cv_env_CPPFLAGS_set=
ac_cv_env_CPPFLAGS_value=
ac_cv_env_CPP_set=
ac_cv_env_CPP_value=
ac_cv_env_ERLCFLAGS_set=
ac_cv_env_ERLCFLAGS_value=
ac_cv_env_ERLC_set=
ac_cv_env_ERLC_value=
ac_cv_env_ERL_set=
ac_cv_env_ERL_value=
ac_cv_env_LDFLAGS_set=
ac_cv_env_LDFLAGS_value=
ac_cv_env_LIBS_set=
ac_cv_env_LIBS_value=
ac_cv_env_build_alias_set=
ac_cv_env_build_alias_value=
ac_cv_env_host_alias_set=
ac_cv_env_host_alias_value=
ac_cv_env_target_alias_set=
ac_cv_env_target_alias_value=
ac_cv_func_malloc_0_nonnull=yes
ac_cv_header_inttypes_h=yes
ac_cv_header_memory_h=yes
ac_cv_header_openssl_err_h=yes
ac_cv_header_openssl_sha_h=yes
ac_cv_header_openssl_ssl_h=yes
ac_cv_header_stdc=yes
ac_cv_header_stdint_h=yes
ac_cv_header_stdlib_h=yes
ac_cv_header_string_h=yes
ac_cv_header_strings_h=yes
ac_cv_header_sys_stat_h=yes
ac_cv_header_sys_types_h=yes
ac_cv_header_unistd_h=yes
ac_cv_lib_crypto_SHA1_Init=yes
ac_cv_lib_ssl_SSL_free=yes
ac_cv_objext=o
ac_cv_path_EGREP='/usr/bin/grep -E'
ac_cv_path_GREP=/usr/bin/grep
ac_cv_path_ac_pt_ERL=/usr/local/Cellar/erlang/18.2/lib/erlang/erts-7.2/bin/erl
ac_cv_path_ac_pt_ERLC=/usr/local/Cellar/erlang/18.2/lib/erlang/erts-7.2/bin/erlc
ac_cv_prog_CPP='gcc -E'
ac_cv_prog_ac_ct_CC=gcc
ac_cv_prog_cc_c89=
ac_cv_prog_cc_g=yes
ac_cv_prog_make_make_set=yes

## ----------------- ##
## Output variables. ##
## ----------------- ##

CC='gcc'
CFLAGS='-g -O2 -Wall'
CPP='gcc -E'
CPPFLAGS=''
DEFS='-DPACKAGE_NAME=\"tls\" -DPACKAGE_TARNAME=\"tls\" -DPACKAGE_VERSION=\"0.2.0\" -DPACKAGE_STRING=\"tls\ 0.2.0\" -DPACKAGE_BUGREPORT=\"\" -DPACKAGE_URL=\"\" -DSTDC_HEADERS=1 -DHAVE_SYS_TYPES_H=1 -DHAVE_SYS_STAT_H=1 -DHAVE_STDLIB_H=1 -DHAVE_STRING_H=1 -DHAVE_MEMORY_H=1 -DHAVE_STRINGS_H=1 -DHAVE_INTTYPES_H=1 -DHAVE_STDINT_H=1 -DHAVE_UNISTD_H=1 -DHAVE_STDLIB_H=1 -DHAVE_MALLOC=1 -DSTDC_HEADERS=1'
ECHO_C='\c'
ECHO_N=''
ECHO_T=''
EGREP='/usr/bin/grep -E'
ERL='/usr/local/Cellar/erlang/18.2/lib/erlang/erts-7.2/bin/erl'
ERLC='/usr/local/Cellar/erlang/18.2/lib/erlang/erts-7.2/bin/erlc'
ERLCFLAGS=''
EXEEXT=''
GREP='/usr/bin/grep'
LDFLAGS=''
LIBOBJS=''
LIBS=''
LTLIBOBJS=''
OBJEXT='o'
PACKAGE_BUGREPORT=''
PACKAGE_NAME='tls'
PACKAGE_STRING='tls 0.2.0'
PACKAGE_TARNAME='tls'
PACKAGE_URL=''
PACKAGE_VERSION='0.2.0'
PATH_SEPARATOR=':'
SET_MAKE=''
SHELL='/bin/sh'
ac_ct_CC='gcc'
bindir='${exec_prefix}/bin'
build_alias=''
datadir='${datarootdir}'
datarootdir='${prefix}/share'
docdir='${datarootdir}/doc/${PACKAGE_TARNAME}'
dvidir='${docdir}'
exec_prefix='${prefix}'
host_alias=''
htmldir='${docdir}'
includedir='${prefix}/include'
infodir='${datarootdir}/info'
libdir='${exec_prefix}/lib'
libexecdir='${exec_prefix}/libexec'
localedir='${datarootdir}/locale'
localstatedir='${prefix}/var'
mandir='${datarootdir}/man'
oldincludedir='/usr/include'
pdfdir='${docdir}'
prefix='/usr/local'
program_transform_name='s,x,x,'
psdir='${docdir}'
sbindir='${exec_prefix}/sbin'
sharedstatedir='${prefix}/com'
sysconfdir='${prefix}/etc'
target_alias=''

## ----------- ##
## confdefs.h. ##
## ----------- ##

/* confdefs.h */
#define PACKAGE_NAME "tls"
#define PACKAGE_TARNAME "tls"
#define PACKAGE_VERSION "0.2.0"
#define PACKAGE_STRING "tls 0.2.0"
#define PACKAGE_BUGREPORT ""
#define PACKAGE_URL ""
#define STDC_HEADERS 1
#define HAVE_SYS_TYPES_H 1
#define HAVE_SYS_STAT_H 1
#define HAVE_STDLIB_H 1
#define HAVE_STRING_H 1
#define HAVE_MEMORY_H 1
#define HAVE_STRINGS_H 1
#define HAVE_INTTYPES_H 1
#define HAVE_STDINT_H 1
#define HAVE_UNISTD_H 1
#define HAVE_STDLIB_H 1
#define HAVE_MALLOC 1
#define STDC_HEADERS 1

configure: exit 0
