This file contains any messages produced by compilers while
running configure, to aid debugging if configure makes a mistake.

It was created by p1_yaml configure 0.1.0, which was
generated by GNU Autoconf 2.69.  Invocation command line was

  $ ./configure 

## --------- ##
## Platform. ##
## --------- ##

hostname = MacBook-Pro.local
uname -m = x86_64
uname -r = 14.5.0
uname -s = Darwin
uname -v = Darwin Kernel Version 14.5.0: Tue Sep  1 21:23:09 PDT 2015; root:xnu-2782.50.1~1/RELEASE_X86_64

/usr/bin/uname -p = i386
/bin/uname -X     = unknown

/bin/arch              = unknown
/usr/bin/arch -k       = unknown
/usr/convex/getsysinfo = unknown
/usr/bin/hostinfo      = Mach kernel version:
	 Darwin Kernel Version 14.5.0: Tue Sep  1 21:23:09 PDT 2015; root:xnu-2782.50.1~1/RELEASE_X86_64
Kernel configured for up to 2 processors.
2 processors are physically available.
2 processors are logically available.
Processor type: i486 (Intel 80486)
Processors active: 0 1
Primary memory available: 8.00 gigabytes
Default processor set: 239 tasks, 2015 threads, 2 processors
Load average: 24.28, Mach factor: 0.26
/bin/machine           = unknown
/usr/bin/oslevel       = unknown
/bin/universe          = unknown

PATH: /usr/local/Cellar/erlang/18.2/lib/erlang/erts-7.2/bin
PATH: /usr/local/Cellar/erlang/18.2/lib/erlang/bin
PATH: /usr/local/bin
PATH: /opt/local/bin
PATH: /opt/local/sbin
PATH: /usr/local/Cellar/erlang/18.2/bin
PATH: /Users/Archer/bin/Sencha/Cmd/4.0.0.203
PATH: /usr/share/java/maven-3.0.3/bin
PATH: /usr/bin
PATH: /bin
PATH: /usr/sbin
PATH: /sbin
PATH: /usr/local/bin
PATH: /Users/Archer/Downloads/android-sdk-macosx/platform-tools/
PATH: /Library/Java/JavaVirtualMachines/jdk1.7.0_25.jdk/Contents/Home/bin
PATH: /usr/local/mysql/bin
PATH: /Applications/soapUI-4.6.0.app/Contents/java/app/bin


## ----------- ##
## Core tests. ##
## ----------- ##

configure:2083: checking for gcc
configure:2099: found /usr/bin/gcc
configure:2110: result: gcc
configure:2339: checking for C compiler version
configure:2348: gcc --version >&5
Apple LLVM version 7.0.2 (clang-700.1.81)
Target: x86_64-apple-darwin14.5.0
Thread model: posix
Configured with: --prefix=/Applications/Xcode.app/Contents/Developer/usr --with-gxx-include-dir=/usr/include/c++/4.2.1
configure:2359: $? = 0
configure:2348: gcc -v >&5
Configured with: --prefix=/Applications/Xcode.app/Contents/Developer/usr --with-gxx-include-dir=/usr/include/c++/4.2.1
Apple LLVM version 7.0.2 (clang-700.1.81)
Target: x86_64-apple-darwin14.5.0
Thread model: posix
configure:2359: $? = 0
configure:2348: gcc -V >&5
clang: error: argument to '-V' is missing (expected 1 value)
clang: error: no input files
configure:2359: $? = 1
configure:2348: gcc -qversion >&5
clang: error: unknown argument: '-qversion'
clang: error: no input files
configure:2359: $? = 1
configure:2379: checking whether the C compiler works
configure:2401: gcc    conftest.c  >&5
configure:2405: $? = 0
configure:2453: result: yes
configure:2456: checking for C compiler default output file name
configure:2458: result: a.out
configure:2464: checking for suffix of executables
configure:2471: gcc -o conftest    conftest.c  >&5
configure:2475: $? = 0
configure:2497: result: 
configure:2519: checking whether we are cross compiling
configure:2527: gcc -o conftest    conftest.c  >&5
configure:2531: $? = 0
configure:2538: ./conftest
configure:2542: $? = 0
configure:2557: result: no
configure:2562: checking for suffix of object files
configure:2584: gcc -c   conftest.c >&5
configure:2588: $? = 0
configure:2609: result: o
configure:2613: checking whether we are using the GNU C compiler
configure:2632: gcc -c   conftest.c >&5
configure:2632: $? = 0
configure:2641: result: yes
configure:2650: checking whether gcc accepts -g
configure:2670: gcc -c -g  conftest.c >&5
configure:2670: $? = 0
configure:2711: result: yes
configure:2728: checking for gcc option to accept ISO C89
configure:2791: gcc  -c -g -O2  conftest.c >&5
configure:2791: $? = 0
configure:2804: result: none needed
configure:2824: checking whether make sets $(MAKE)
configure:2846: result: yes
configure:2862: checking for an ANSI C-conforming const
configure:2928: gcc -c -g -O2 -Wall  conftest.c >&5
configure:2928: $? = 0
configure:2935: result: yes
configure:2950: checking how to run the C preprocessor
configure:2981: gcc -E  conftest.c
configure:2981: $? = 0
configure:2995: gcc -E  conftest.c
conftest.c:9:10: fatal error: 'ac_nonexistent.h' file not found
#include <ac_nonexistent.h>
         ^
1 error generated.
configure:2995: $? = 1
configure: failed program was:
| /* confdefs.h */
| #define PACKAGE_NAME "p1_yaml"
| #define PACKAGE_TARNAME "p1_yaml"
| #define PACKAGE_VERSION "0.1.0"
| #define PACKAGE_STRING "p1_yaml 0.1.0"
| #define PACKAGE_BUGREPORT ""
| #define PACKAGE_URL ""
| /* end confdefs.h.  */
| #include <ac_nonexistent.h>
configure:3020: result: gcc -E
configure:3040: gcc -E  conftest.c
configure:3040: $? = 0
configure:3054: gcc -E  conftest.c
conftest.c:9:10: fatal error: 'ac_nonexistent.h' file not found
#include <ac_nonexistent.h>
         ^
1 error generated.
configure:3054: $? = 1
configure: failed program was:
| /* confdefs.h */
| #define PACKAGE_NAME "p1_yaml"
| #define PACKAGE_TARNAME "p1_yaml"
| #define PACKAGE_VERSION "0.1.0"
| #define PACKAGE_STRING "p1_yaml 0.1.0"
| #define PACKAGE_BUGREPORT ""
| #define PACKAGE_URL ""
| /* end confdefs.h.  */
| #include <ac_nonexistent.h>
configure:3083: checking for grep that handles long lines and -e
configure:3141: result: /usr/bin/grep
configure:3146: checking for egrep
configure:3208: result: /usr/bin/grep -E
configure:3213: checking for ANSI C header files
configure:3233: gcc -c -g -O2 -Wall  conftest.c >&5
configure:3233: $? = 0
configure:3306: gcc -o conftest -g -O2 -Wall   conftest.c  >&5
configure:3306: $? = 0
configure:3306: ./conftest
configure:3306: $? = 0
configure:3317: result: yes
configure:3330: checking for sys/types.h
configure:3330: gcc -c -g -O2 -Wall  conftest.c >&5
configure:3330: $? = 0
configure:3330: result: yes
configure:3330: checking for sys/stat.h
configure:3330: gcc -c -g -O2 -Wall  conftest.c >&5
configure:3330: $? = 0
configure:3330: result: yes
configure:3330: checking for stdlib.h
configure:3330: gcc -c -g -O2 -Wall  conftest.c >&5
configure:3330: $? = 0
configure:3330: result: yes
configure:3330: checking for string.h
configure:3330: gcc -c -g -O2 -Wall  conftest.c >&5
configure:3330: $? = 0
configure:3330: result: yes
configure:3330: checking for memory.h
configure:3330: gcc -c -g -O2 -Wall  conftest.c >&5
configure:3330: $? = 0
configure:3330: result: yes
configure:3330: checking for strings.h
configure:3330: gcc -c -g -O2 -Wall  conftest.c >&5
configure:3330: $? = 0
configure:3330: result: yes
configure:3330: checking for inttypes.h
configure:3330: gcc -c -g -O2 -Wall  conftest.c >&5
configure:3330: $? = 0
configure:3330: result: yes
configure:3330: checking for stdint.h
configure:3330: gcc -c -g -O2 -Wall  conftest.c >&5
configure:3330: $? = 0
configure:3330: result: yes
configure:3330: checking for unistd.h
configure:3330: gcc -c -g -O2 -Wall  conftest.c >&5
configure:3330: $? = 0
configure:3330: result: yes
configure:3344: checking for stdlib.h
configure:3344: result: yes
configure:3354: checking for GNU libc compatible malloc
configure:3378: gcc -o conftest -g -O2 -Wall   conftest.c  >&5
configure:3378: $? = 0
configure:3378: ./conftest
configure:3378: $? = 0
configure:3388: result: yes
configure:3409: checking for ANSI C header files
configure:3513: result: yes
configure:3575: checking for erl
configure:3593: found /usr/local/Cellar/erlang/18.2/lib/erlang/erts-7.2/bin/erl
configure:3605: result: /usr/local/Cellar/erlang/18.2/lib/erlang/erts-7.2/bin/erl
configure:3684: checking for erlc
configure:3702: found /usr/local/Cellar/erlang/18.2/lib/erlang/erts-7.2/bin/erlc
configure:3714: result: /usr/local/Cellar/erlang/18.2/lib/erlang/erts-7.2/bin/erlc
configure:3749: checking yaml.h usability
configure:3749: gcc -c -g -O2 -Wall  conftest.c >&5
configure:3749: $? = 0
configure:3749: result: yes
configure:3749: checking yaml.h presence
configure:3749: gcc -E  conftest.c
configure:3749: $? = 0
configure:3749: result: yes
configure:3749: checking for yaml.h
configure:3749: result: yes
configure:3763: checking for library containing yaml_parser_initialize
configure:3794: gcc -o conftest -g -O2 -Wall   conftest.c  >&5
Undefined symbols for architecture x86_64:
  "_yaml_parser_initialize", referenced from:
      _main in conftest-cdf912.o
ld: symbol(s) not found for architecture x86_64
clang: error: linker command failed with exit code 1 (use -v to see invocation)
configure:3794: $? = 1
configure: failed program was:
| /* confdefs.h */
| #define PACKAGE_NAME "p1_yaml"
| #define PACKAGE_TARNAME "p1_yaml"
| #define PACKAGE_VERSION "0.1.0"
| #define PACKAGE_STRING "p1_yaml 0.1.0"
| #define PACKAGE_BUGREPORT ""
| #define PACKAGE_URL ""
| #define STDC_HEADERS 1
| #define HAVE_SYS_TYPES_H 1
| #define HAVE_SYS_STAT_H 1
| #define HAVE_STDLIB_H 1
| #define HAVE_STRING_H 1
| #define HAVE_MEMORY_H 1
| #define HAVE_STRINGS_H 1
| #define HAVE_INTTYPES_H 1
| #define HAVE_STDINT_H 1
| #define HAVE_UNISTD_H 1
| #define HAVE_STDLIB_H 1
| #define HAVE_MALLOC 1
| #define STDC_HEADERS 1
| #define HAVE_YAML_H 1
| /* end confdefs.h.  */
| 
| /* Override any GCC internal prototype to avoid an error.
|    Use char because int might match the return type of a GCC
|    builtin and then its argument prototype would still apply.  */
| #ifdef __cplusplus
| extern "C"
| #endif
| char yaml_parser_initialize ();
| int
| main ()
| {
| return yaml_parser_initialize ();
|   ;
|   return 0;
| }
configure:3794: gcc -o conftest -g -O2 -Wall   conftest.c -lyaml   >&5
configure:3794: $? = 0
configure:3811: result: -lyaml
configure:3975: creating ./config.status

## ---------------------- ##
## Running config.status. ##
## ---------------------- ##

This file was extended by p1_yaml config.status 0.1.0, which was
generated by GNU Autoconf 2.69.  Invocation command line was

  CONFIG_FILES    = 
  CONFIG_HEADERS  = 
  CONFIG_LINKS    = 
  CONFIG_COMMANDS = 
  $ ./config.status 

on MacBook-Pro.local

config.status:728: creating vars.config

## ---------------- ##
## Cache variables. ##
## ---------------- ##

ac_cv_c_compiler_gnu=yes
ac_cv_c_const=yes
ac_cv_env_CC_set=
ac_cv_env_CC_value=
ac_cv_env_CFLAGS_set=
ac_cv_env_CFLAGS_value=
ac_cv_env_CPPFLAGS_set=
ac_cv_env_CPPFLAGS_value=
ac_cv_env_CPP_set=
ac_cv_env_CPP_value=
ac_cv_env_ERLCFLAGS_set=
ac_cv_env_ERLCFLAGS_value=
ac_cv_env_ERLC_set=
ac_cv_env_ERLC_value=
ac_cv_env_ERL_set=
ac_cv_env_ERL_value=
ac_cv_env_LDFLAGS_set=
ac_cv_env_LDFLAGS_value=
ac_cv_env_LIBS_set=
ac_cv_env_LIBS_value=
ac_cv_env_build_alias_set=
ac_cv_env_build_alias_value=
ac_cv_env_host_alias_set=
ac_cv_env_host_alias_value=
ac_cv_env_target_alias_set=
ac_cv_env_target_alias_value=
ac_cv_func_malloc_0_nonnull=yes
ac_cv_header_inttypes_h=yes
ac_cv_header_memory_h=yes
ac_cv_header_stdc=yes
ac_cv_header_stdint_h=yes
ac_cv_header_stdlib_h=yes
ac_cv_header_string_h=yes
ac_cv_header_strings_h=yes
ac_cv_header_sys_stat_h=yes
ac_cv_header_sys_types_h=yes
ac_cv_header_unistd_h=yes
ac_cv_header_yaml_h=yes
ac_cv_objext=o
ac_cv_path_EGREP='/usr/bin/grep -E'
ac_cv_path_GREP=/usr/bin/grep
ac_cv_path_ac_pt_ERL=/usr/local/Cellar/erlang/18.2/lib/erlang/erts-7.2/bin/erl
ac_cv_path_ac_pt_ERLC=/usr/local/Cellar/erlang/18.2/lib/erlang/erts-7.2/bin/erlc
ac_cv_prog_CPP='gcc -E'
ac_cv_prog_ac_ct_CC=gcc
ac_cv_prog_cc_c89=
ac_cv_prog_cc_g=yes
ac_cv_prog_make_make_set=yes
ac_cv_search_yaml_parser_initialize=-lyaml

## ----------------- ##
## Output variables. ##
## ----------------- ##

CC='gcc'
CFLAGS='-g -O2 -Wall'
CPP='gcc -E'
CPPFLAGS=''
DEFS='-DPACKAGE_NAME=\"p1_yaml\" -DPACKAGE_TARNAME=\"p1_yaml\" -DPACKAGE_VERSION=\"0.1.0\" -DPACKAGE_STRING=\"p1_yaml\ 0.1.0\" -DPACKAGE_BUGREPORT=\"\" -DPACKAGE_URL=\"\" -DSTDC_HEADERS=1 -DHAVE_SYS_TYPES_H=1 -DHAVE_SYS_STAT_H=1 -DHAVE_STDLIB_H=1 -DHAVE_STRING_H=1 -DHAVE_MEMORY_H=1 -DHAVE_STRINGS_H=1 -DHAVE_INTTYPES_H=1 -DHAVE_STDINT_H=1 -DHAVE_UNISTD_H=1 -DHAVE_STDLIB_H=1 -DHAVE_MALLOC=1 -DSTDC_HEADERS=1 -DHAVE_YAML_H=1'
ECHO_C='\c'
ECHO_N=''
ECHO_T=''
EGREP='/usr/bin/grep -E'
ERL='/usr/local/Cellar/erlang/18.2/lib/erlang/erts-7.2/bin/erl'
ERLC='/usr/local/Cellar/erlang/18.2/lib/erlang/erts-7.2/bin/erlc'
ERLCFLAGS=''
EXEEXT=''
GREP='/usr/bin/grep'
LDFLAGS=''
LIBOBJS=''
LIBS='-lyaml '
LTLIBOBJS=''
OBJEXT='o'
PACKAGE_BUGREPORT=''
PACKAGE_NAME='p1_yaml'
PACKAGE_STRING='p1_yaml 0.1.0'
PACKAGE_TARNAME='p1_yaml'
PACKAGE_URL=''
PACKAGE_VERSION='0.1.0'
PATH_SEPARATOR=':'
SET_MAKE=''
SHELL='/bin/sh'
ac_ct_CC='gcc'
bindir='${exec_prefix}/bin'
build_alias=''
datadir='${datarootdir}'
datarootdir='${prefix}/share'
docdir='${datarootdir}/doc/${PACKAGE_TARNAME}'
dvidir='${docdir}'
exec_prefix='${prefix}'
host_alias=''
htmldir='${docdir}'
includedir='${prefix}/include'
infodir='${datarootdir}/info'
libdir='${exec_prefix}/lib'
libexecdir='${exec_prefix}/libexec'
localedir='${datarootdir}/locale'
localstatedir='${prefix}/var'
mandir='${datarootdir}/man'
oldincludedir='/usr/include'
pdfdir='${docdir}'
prefix='/usr/local'
program_transform_name='s,x,x,'
psdir='${docdir}'
runstatedir='${localstatedir}/run'
sbindir='${exec_prefix}/sbin'
sharedstatedir='${prefix}/com'
sysconfdir='${prefix}/etc'
target_alias=''

## ----------- ##
## confdefs.h. ##
## ----------- ##

/* confdefs.h */
#define PACKAGE_NAME "p1_yaml"
#define PACKAGE_TARNAME "p1_yaml"
#define PACKAGE_VERSION "0.1.0"
#define PACKAGE_STRING "p1_yaml 0.1.0"
#define PACKAGE_BUGREPORT ""
#define PACKAGE_URL ""
#define STDC_HEADERS 1
#define HAVE_SYS_TYPES_H 1
#define HAVE_SYS_STAT_H 1
#define HAVE_STDLIB_H 1
#define HAVE_STRING_H 1
#define HAVE_MEMORY_H 1
#define HAVE_STRINGS_H 1
#define HAVE_INTTYPES_H 1
#define HAVE_STDINT_H 1
#define HAVE_UNISTD_H 1
#define HAVE_STDLIB_H 1
#define HAVE_MALLOC 1
#define STDC_HEADERS 1
#define HAVE_YAML_H 1

configure: exit 0
